<testsuites id="" name="" tests="13" failures="5" skipped="8" errors="0" time="98.01350399999995">
<testsuite name="auth.setup.ts" timestamp="2025-11-20T13:40:31.248Z" hostname="setup" tests="1" failures="1" skipped="0" time="11.443" errors="0">
<testcase name="authenticate as PRO1 user" classname="auth.setup.ts" time="11.443">
<failure message="auth.setup.ts:9:6 authenticate as PRO1 user" type="FAILURE">
<![CDATA[  [setup] › auth.setup.ts:9:6 › authenticate as PRO1 user ──────────────────────────────────────────

    TimeoutError: locator.waitFor: Timeout 10000ms exceeded.
    Call log:
      - waiting for locator('text=Connexion réussie') to be visible


      24 |
      25 |   // Wait for authentication
    > 26 |   await page.locator('text=Connexion réussie').waitFor();
         |                                                ^
      27 |   await page.waitForURL('/');
      28 |
      29 |   // Verify token in localStorage
        at C:\02_Coding\02_Projects\2DVanProj\apps\web\tests\auth.setup.ts:26:48

    attachment #1: screenshot (image/png) ──────────────────────────────────────────────────────────
    ..\test-results\auth.setup.ts-authenticate-as-PRO1-user-setup\test-failed-1.png
    ────────────────────────────────────────────────────────────────────────────────────────────────

    Error Context: ..\test-results\auth.setup.ts-authenticate-as-PRO1-user-setup\error-context.md
]]>
</failure>
<system-out>
<![CDATA[
[[ATTACHMENT|auth.setup.ts-authenticate-as-PRO1-user-setup\test-failed-1.png]]

[[ATTACHMENT|auth.setup.ts-authenticate-as-PRO1-user-setup\error-context.md]]
]]>
</system-out>
</testcase>
</testsuite>
<testsuite name="subscriptions\account-types.spec.ts" timestamp="2025-11-20T13:40:31.248Z" hostname="authenticated" tests="4" failures="0" skipped="4" time="0" errors="0">
<testcase name="Subscription Account Types › FREE account shows correct limitations" classname="subscriptions\account-types.spec.ts" time="0">
<skipped>
</skipped>
</testcase>
<testcase name="Subscription Account Types › PRO1 account has 3 van limit" classname="subscriptions\account-types.spec.ts" time="0">
<skipped>
</skipped>
</testcase>
<testcase name="Subscription Account Types › PRO2 account has Optimiser button enabled" classname="subscriptions\account-types.spec.ts" time="0">
<skipped>
</skipped>
</testcase>
<testcase name="Subscription Account Types › upgrade flow shows payment options" classname="subscriptions\account-types.spec.ts" time="0">
<skipped>
</skipped>
</testcase>
</testsuite>
<testsuite name="subscriptions\account-types.spec.ts" timestamp="2025-11-20T13:40:31.248Z" hostname="guest" tests="4" failures="4" skipped="0" time="80.904" errors="0">
<testcase name="Subscription Account Types › FREE account shows correct limitations" classname="subscriptions\account-types.spec.ts" time="30.254">
<failure message="account-types.spec.ts:8:7 FREE account shows correct limitations" type="FAILURE">
<![CDATA[  [guest] › subscriptions\account-types.spec.ts:8:7 › Subscription Account Types › FREE account shows correct limitations 

    Test timeout of 30000ms exceeded.

    Error: page.waitForURL: Test ended.
    =========================== logs ===========================
    waiting for navigation to "/" until "load"
    ============================================================

      16 |     await freePage.getByRole('button', { name: 'Se connecter' }).click();
      17 |     
    > 18 |     await freePage.waitForURL('/');
         |                    ^
      19 |     
      20 |     // Check subscription displayed
      21 |     await expect(freePage.locator('text=Abonnement: FREE')).toBeVisible();
        at C:\02_Coding\02_Projects\2DVanProj\apps\web\tests\subscriptions\account-types.spec.ts:18:20

    attachment #1: screenshot (image/png) ──────────────────────────────────────────────────────────
    ..\test-results\subscriptions-account-type-43d87-t-shows-correct-limitations-guest\test-failed-1.png
    ────────────────────────────────────────────────────────────────────────────────────────────────

    attachment #2: screenshot (image/png) ──────────────────────────────────────────────────────────
    ..\test-results\subscriptions-account-type-43d87-t-shows-correct-limitations-guest\test-failed-2.png
    ────────────────────────────────────────────────────────────────────────────────────────────────

    Error Context: ..\test-results\subscriptions-account-type-43d87-t-shows-correct-limitations-guest\error-context.md
]]>
</failure>
<system-out>
<![CDATA[
[[ATTACHMENT|subscriptions-account-type-43d87-t-shows-correct-limitations-guest\test-failed-1.png]]

[[ATTACHMENT|subscriptions-account-type-43d87-t-shows-correct-limitations-guest\test-failed-2.png]]

[[ATTACHMENT|subscriptions-account-type-43d87-t-shows-correct-limitations-guest\error-context.md]]
]]>
</system-out>
</testcase>
<testcase name="Subscription Account Types › PRO1 account has 3 van limit" classname="subscriptions\account-types.spec.ts" time="10.238">
<failure message="account-types.spec.ts:34:7 PRO1 account has 3 van limit" type="FAILURE">
<![CDATA[  [guest] › subscriptions\account-types.spec.ts:34:7 › Subscription Account Types › PRO1 account has 3 van limit 

    TimeoutError: locator.click: Timeout 10000ms exceeded.
    Call log:
      - waiting for getByRole('button', { name: 'Sauvegarder' })


       at fixtures.ts:95

      93 |
      94 |   async savePlan(planName: string) {
    > 95 |     await this.page.getByRole('button', { name: 'Sauvegarder' }).click();
         |                                                                  ^
      96 |     await this.page.getByPlaceholder(/nom du plan/i).fill(planName);
      97 |     await this.page.getByRole('button', { name: 'Confirmer' }).click();
      98 |   }
        at EditorPage.savePlan (C:\02_Coding\02_Projects\2DVanProj\apps\web\tests\fixtures.ts:95:66)
        at C:\02_Coding\02_Projects\2DVanProj\apps\web\tests\subscriptions\account-types.spec.ts:37:24

    attachment #1: screenshot (image/png) ──────────────────────────────────────────────────────────
    ..\test-results\subscriptions-account-type-93afb-RO1-account-has-3-van-limit-guest\test-failed-1.png
    ────────────────────────────────────────────────────────────────────────────────────────────────
]]>
</failure>
<system-out>
<![CDATA[
[[ATTACHMENT|subscriptions-account-type-93afb-RO1-account-has-3-van-limit-guest\test-failed-1.png]]
]]>
</system-out>
</testcase>
<testcase name="Subscription Account Types › PRO2 account has Optimiser button enabled" classname="subscriptions\account-types.spec.ts" time="30.122">
<failure message="account-types.spec.ts:47:7 PRO2 account has Optimiser button enabled" type="FAILURE">
<![CDATA[  [guest] › subscriptions\account-types.spec.ts:47:7 › Subscription Account Types › PRO2 account has Optimiser button enabled 

    Test timeout of 30000ms exceeded.

    Error: page.waitForURL: Target page, context or browser has been closed
    =========================== logs ===========================
    waiting for navigation to "/" until "load"
    ============================================================

      52 |     await page.getByRole('button', { name: 'Se connecter' }).click();
      53 |     
    > 54 |     await page.waitForURL('/');
         |                ^
      55 |     
      56 |     // Check "Optimiser" button is enabled
      57 |     const optimizeBtn = page.getByRole('button', { name: 'Optimiser' });
        at C:\02_Coding\02_Projects\2DVanProj\apps\web\tests\subscriptions\account-types.spec.ts:54:16

    attachment #1: screenshot (image/png) ──────────────────────────────────────────────────────────
    ..\test-results\subscriptions-account-type-97c29-as-Optimiser-button-enabled-guest\test-failed-1.png
    ────────────────────────────────────────────────────────────────────────────────────────────────

    Error Context: ..\test-results\subscriptions-account-type-97c29-as-Optimiser-button-enabled-guest\error-context.md
]]>
</failure>
<system-out>
<![CDATA[
[[ATTACHMENT|subscriptions-account-type-97c29-as-Optimiser-button-enabled-guest\test-failed-1.png]]

[[ATTACHMENT|subscriptions-account-type-97c29-as-Optimiser-button-enabled-guest\error-context.md]]
]]>
</system-out>
</testcase>
<testcase name="Subscription Account Types › upgrade flow shows payment options" classname="subscriptions\account-types.spec.ts" time="10.29">
<failure message="account-types.spec.ts:61:7 upgrade flow shows payment options" type="FAILURE">
<![CDATA[  [guest] › subscriptions\account-types.spec.ts:61:7 › Subscription Account Types › upgrade flow shows payment options 

    TimeoutError: locator.click: Timeout 10000ms exceeded.
    Call log:
      - waiting for getByRole('button', { name: 'Plans' })


       at fixtures.ts:86

      84 |
      85 |   async clickNavButton(button: 'Plans' | 'Profil' | 'Paramètres' | 'Déconnexion') {
    > 86 |     await this.page.getByRole('button', { name: button }).click();
         |                                                           ^
      87 |   }
      88 |
      89 |   async selectVan(vanType: string) {
        at EditorPage.clickNavButton (C:\02_Coding\02_Projects\2DVanProj\apps\web\tests\fixtures.ts:86:59)
        at C:\02_Coding\02_Projects\2DVanProj\apps\web\tests\subscriptions\account-types.spec.ts:62:22

    attachment #1: screenshot (image/png) ──────────────────────────────────────────────────────────
    ..\test-results\subscriptions-account-type-13f8b--flow-shows-payment-options-guest\test-failed-1.png
    ────────────────────────────────────────────────────────────────────────────────────────────────
]]>
</failure>
<system-out>
<![CDATA[
[[ATTACHMENT|subscriptions-account-type-13f8b--flow-shows-payment-options-guest\test-failed-1.png]]
]]>
</system-out>
</testcase>
</testsuite>
<testsuite name="subscriptions\account-types.spec.ts" timestamp="2025-11-20T13:40:31.248Z" hostname="mobile" tests="4" failures="0" skipped="4" time="0" errors="0">
<testcase name="Subscription Account Types › FREE account shows correct limitations" classname="subscriptions\account-types.spec.ts" time="0">
<skipped>
</skipped>
</testcase>
<testcase name="Subscription Account Types › PRO1 account has 3 van limit" classname="subscriptions\account-types.spec.ts" time="0">
<skipped>
</skipped>
</testcase>
<testcase name="Subscription Account Types › PRO2 account has Optimiser button enabled" classname="subscriptions\account-types.spec.ts" time="0">
<skipped>
</skipped>
</testcase>
<testcase name="Subscription Account Types › upgrade flow shows payment options" classname="subscriptions\account-types.spec.ts" time="0">
<skipped>
</skipped>
</testcase>
</testsuite>
</testsuites>